<?xml version="1.0" encoding="UTF-8"?>
<!-- Generated by org.testng.reporters.JUnitReportReporter -->
<testsuite hostname="Sanket" failures="0" tests="2" name="TestCases.HomePageTest" time="45.603" errors="0" timestamp="2022-08-08T16:14:22 IST" skipped="0">
  <testcase classname="TestCases.HomePageTest" name="verifyOrderHistory" time="18.377"/>
  <system-out/>
  <testcase classname="TestCases.HomePageTest" name="verifyWishList" time="27.226"/>
  <system-out/>
</testsuite> <!-- TestCases.HomePageTest -->
