<?xml version="1.0" encoding="UTF-8"?>
<!-- Generated by org.testng.reporters.JUnitReportReporter -->
<testsuite hostname="Sanket" failures="0" tests="1" name="TestCases.SearchResultPageTest" time="23.372" errors="0" timestamp="2022-08-08T16:14:22 IST" skipped="0">
  <testcase classname="TestCases.SearchResultPageTest" name="verifyProductIsAvailable" time="23.372"/>
  <system-out/>
</testsuite> <!-- TestCases.SearchResultPageTest -->
