<?xml version="1.0" encoding="UTF-8"?>
<!-- Generated by org.testng.reporters.JUnitReportReporter -->
<testsuite hostname="Sanket" failures="0" tests="1" name="TestCases.EndToEndTest" time="48.965" errors="0" timestamp="2022-08-08T16:14:22 IST" skipped="0">
  <testcase classname="TestCases.EndToEndTest" name="endToEndTest" time="48.965"/>
  <system-out/>
</testsuite> <!-- TestCases.EndToEndTest -->
