<?xml version="1.0" encoding="UTF-8"?>
<!-- Generated by org.testng.reporters.JUnitReportReporter -->
<testsuite hostname="Sanket" failures="0" tests="1" name="TestCases.AccountCreationPageTest" time="26.623" errors="0" timestamp="2022-08-08T16:14:22 IST" skipped="0">
  <testcase classname="TestCases.AccountCreationPageTest" name="verifyAccountCreationPage" time="26.623"/>
  <system-out/>
</testsuite> <!-- TestCases.AccountCreationPageTest -->
